<?xml version="1.0" encoding="UTF-8"?>
<testsuite xmlns:xsi="http://www.w3.org/2001/XMLSchema-instance" xsi:noNamespaceSchemaLocation="https://maven.apache.org/surefire/maven-surefire-plugin/xsd/surefire-test-report.xsd" version="3.0.2" name="com.rdm.usecase.MsGarageApplicationTests" time="1.017" tests="1" errors="0" skipped="0" failures="0">
  <properties>
[...]
</properties>
  <testcase name="contextLoads" classname="com.rdm.usecase.MsGarageApplicationTests" time="0.007">
    <system-out><![CDATA[2025-07-30T20:09:01.827+01:00  INFO 21084 --- [ms-garage] [           main] t.c.s.AnnotationConfigContextLoaderUtils : Could not detect default configuration classes for test class [com.rdm.usecase.MsGarageApplicationTests]: MsGarageApplicationTests does not declare any static, non-private, non-final, nested classes annotated with @Configuration.
2025-07-30T20:09:01.836+01:00  INFO 21084 --- [ms-garage] [           main] .b.t.c.SpringBootTestContextBootstrapper : Found @SpringBootConfiguration com.rdm.usecase.MsGarageApplication for test class com.rdm.usecase.MsGarageApplicationTests

  .   ____          _            __ _ _
 /\\ / ___'_ __ _ _(_)_ __  __ _ \ \ \ \
( ( )\___ | '_ | '_| | '_ \/ _` | \ \ \ \
 \\/  ___)| |_)| | | | | || (_| |  ) ) ) )
  '  |____| .__|_| |_|_| |_\__, | / / / /
 =========|_|==============|___/=/_/_/_/

 :: Spring Boot ::                (v3.5.4)

2025-07-30T20:09:01.896+01:00  INFO 21084 --- [ms-garage] [           main] c.rdm.usecase.MsGarageApplicationTests   : Starting MsGarageApplicationTests using Java 21.0.7 with PID 21084 (started by Admin in C:\Users\Admin\Documents\ms-garage)
2025-07-30T20:09:01.896+01:00  INFO 21084 --- [ms-garage] [           main] c.rdm.usecase.MsGarageApplicationTests   : No active profile set, falling back to 1 default profile: "default"
2025-07-30T20:09:02.149+01:00  INFO 21084 --- [ms-garage] [           main] .s.d.r.c.RepositoryConfigurationDelegate : Bootstrapping Spring Data JPA repositories in DEFAULT mode.
2025-07-30T20:09:02.165+01:00  INFO 21084 --- [ms-garage] [           main] .s.d.r.c.RepositoryConfigurationDelegate : Finished Spring Data repository scanning in 14 ms. Found 4 JPA repository interfaces.
2025-07-30T20:09:02.257+01:00  INFO 21084 --- [ms-garage] [           main] o.s.cloud.context.scope.GenericScope     : BeanFactory id=aaf68996-b6ea-30bb-8e15-aff360d7fc5b
2025-07-30T20:09:02.325+01:00  INFO 21084 --- [ms-garage] [           main] com.zaxxer.hikari.HikariDataSource       : HikariPool-2 - Starting...
2025-07-30T20:09:02.328+01:00  INFO 21084 --- [ms-garage] [           main] com.zaxxer.hikari.pool.HikariPool        : HikariPool-2 - Added connection conn10: url=jdbc:h2:mem:92a4bea7-7385-4865-b684-8cc1a2f65145 user=SA
2025-07-30T20:09:02.328+01:00  INFO 21084 --- [ms-garage] [           main] com.zaxxer.hikari.HikariDataSource       : HikariPool-2 - Start completed.
2025-07-30T20:09:02.331+01:00  INFO 21084 --- [ms-garage] [           main] o.hibernate.jpa.internal.util.LogHelper  : HHH000204: Processing PersistenceUnitInfo [name: default]
2025-07-30T20:09:02.336+01:00  INFO 21084 --- [ms-garage] [           main] o.h.c.internal.RegionFactoryInitiator    : HHH000026: Second-level cache disabled
2025-07-30T20:09:02.344+01:00  INFO 21084 --- [ms-garage] [           main] o.s.o.j.p.SpringPersistenceUnitInfo      : No LoadTimeWeaver setup: ignoring JPA class transformer
2025-07-30T20:09:02.345+01:00  INFO 21084 --- [ms-garage] [           main] org.hibernate.orm.connections.pooling    : HHH10001005: Database info:
	Database JDBC URL [Connecting through datasource 'HikariDataSource (HikariPool-2)']
	Database driver: undefined/unknown
	Database version: 2.3.232
	Autocommit mode: undefined/unknown
	Isolation level: undefined/unknown
	Minimum pool size: undefined/unknown
	Maximum pool size: undefined/unknown
2025-07-30T20:09:02.402+01:00  INFO 21084 --- [ms-garage] [           main] o.h.e.t.j.p.i.JtaPlatformInitiator       : HHH000489: No JTA platform available (set 'hibernate.transaction.jta.platform' to enable JTA platform integration)
2025-07-30T20:09:02.412+01:00  INFO 21084 --- [ms-garage] [           main] j.LocalContainerEntityManagerFactoryBean : Initialized JPA EntityManagerFactory for persistence unit 'default'
2025-07-30T20:09:02.554+01:00  WARN 21084 --- [ms-garage] [           main] JpaBaseConfiguration$JpaWebConfiguration : spring.jpa.open-in-view is enabled by default. Therefore, database queries may be performed during view rendering. Explicitly configure spring.jpa.open-in-view to disable this warning
2025-07-30T20:09:02.706+01:00  INFO 21084 --- [ms-garage] [           main] DiscoveryClientOptionalArgsConfiguration : Eureka HTTP Client uses RestTemplate.
2025-07-30T20:09:02.722+01:00  WARN 21084 --- [ms-garage] [           main] iguration$LoadBalancerCaffeineWarnLogger : Spring Cloud LoadBalancer is currently working with the default cache. While this cache implementation is useful for development and tests, it's recommended to use Caffeine cache in production.You can switch to using Caffeine cache, by adding it and org.springframework.cache.caffeine.CaffeineCacheManager to the classpath.
2025-07-30T20:09:02.733+01:00  INFO 21084 --- [ms-garage] [           main] o.s.c.n.eureka.InstanceInfoFactory       : Setting initial instance status as: STARTING
2025-07-30T20:09:02.736+01:00  INFO 21084 --- [ms-garage] [           main] com.netflix.discovery.DiscoveryClient    : Initializing Eureka in region us-east-1
2025-07-30T20:09:02.736+01:00  INFO 21084 --- [ms-garage] [           main] c.n.d.s.r.aws.ConfigClusterResolver      : Resolving eureka endpoints via configuration
2025-07-30T20:09:02.736+01:00  INFO 21084 --- [ms-garage] [           main] com.netflix.discovery.DiscoveryClient    : Disable delta property : false
2025-07-30T20:09:02.736+01:00  INFO 21084 --- [ms-garage] [           main] com.netflix.discovery.DiscoveryClient    : Single vip registry refresh property : null
2025-07-30T20:09:02.736+01:00  INFO 21084 --- [ms-garage] [           main] com.netflix.discovery.DiscoveryClient    : Force full registry fetch : false
2025-07-30T20:09:02.736+01:00  INFO 21084 --- [ms-garage] [           main] com.netflix.discovery.DiscoveryClient    : Application is null : false
2025-07-30T20:09:02.736+01:00  INFO 21084 --- [ms-garage] [           main] com.netflix.discovery.DiscoveryClient    : Registered Applications size is zero : true
2025-07-30T20:09:02.736+01:00  INFO 21084 --- [ms-garage] [           main] com.netflix.discovery.DiscoveryClient    : Application version is -1: true
2025-07-30T20:09:02.736+01:00  INFO 21084 --- [ms-garage] [           main] com.netflix.discovery.DiscoveryClient    : Getting all instance registry info from the eureka server
2025-07-30T20:09:02.773+01:00  INFO 21084 --- [ms-garage] [           main] com.netflix.discovery.DiscoveryClient    : The response status is 200
2025-07-30T20:09:02.773+01:00  INFO 21084 --- [ms-garage] [           main] com.netflix.discovery.DiscoveryClient    : Starting heartbeat executor: renew interval is: 30
2025-07-30T20:09:02.774+01:00  INFO 21084 --- [ms-garage] [           main] c.n.discovery.InstanceInfoReplicator     : InstanceInfoReplicator onDemand update allowed rate per min is 4
2025-07-30T20:09:02.774+01:00  INFO 21084 --- [ms-garage] [           main] com.netflix.discovery.DiscoveryClient    : Discovery Client initialized at timestamp 1753902542774 with initial instances count: 2
2025-07-30T20:09:02.777+01:00  INFO 21084 --- [ms-garage] [           main] o.s.c.n.e.s.EurekaServiceRegistry        : Registering application MS-GARAGE with eureka with status UP
2025-07-30T20:09:02.778+01:00  INFO 21084 --- [ms-garage] [           main] com.netflix.discovery.DiscoveryClient    : Saw local status change event StatusChangeEvent [timestamp=1753902542778, current=UP, previous=STARTING]
2025-07-30T20:09:02.778+01:00  INFO 21084 --- [ms-garage] [foReplicator-%d] com.netflix.discovery.DiscoveryClient    : DiscoveryClient_MS-GARAGE/DESKTOP-2ATJTVF.mshome.net:ms-garage:8989: registering service...
2025-07-30T20:09:02.779+01:00  INFO 21084 --- [ms-garage] [           main] o.s.a.r.c.CachingConnectionFactory       : Attempting to connect to: [localhost:5672]
2025-07-30T20:09:02.792+01:00  INFO 21084 --- [ms-garage] [           main] o.s.a.r.c.CachingConnectionFactory       : Created new connection: rabbitConnectionFactory#4b5fc36d:0/SimpleConnection@5402b18c [delegate=amqp://guest@127.0.0.1:5672/, localPort=54421]
2025-07-30T20:09:02.797+01:00  INFO 21084 --- [ms-garage] [foReplicator-%d] com.netflix.discovery.DiscoveryClient    : DiscoveryClient_MS-GARAGE/DESKTOP-2ATJTVF.mshome.net:ms-garage:8989 - registration status: 204
2025-07-30T20:09:02.822+01:00  INFO 21084 --- [ms-garage] [           main] c.rdm.usecase.MsGarageApplicationTests   : Started MsGarageApplicationTests in 0.981 seconds (process running for 10.347)
data loaded: garage, vehicle, model, accessory
]]></system-out>
  </testcase>
</testsuite>